2025-07-31 12:41:21,447 - INFO - Successfully read the yaml file
2025-07-31 12:41:21,447 - INFO - Data Ingestion start with first_bucket3155 and file is Hotel_Reservations.csv
2025-07-31 12:41:21,447 - INFO - Starting data ingestion process
2025-07-31 12:41:25,634 - INFO - CSV file successfully downloaded to artifacts/raw/raw.csv
2025-07-31 12:41:25,634 - INFO - Start the splitting process
2025-07-31 12:41:25,815 - INFO - Train data save to artifacts/raw/train.csv
2025-07-31 12:41:25,815 - INFO - Test data save to artifacts/raw/test.csv
2025-07-31 12:41:25,816 - INFO - Data Ingestion completed successfully
2025-07-31 12:41:25,817 - INFO - Successfully read the yaml file
2025-07-31 12:41:25,817 - INFO - Loading data from RAW directory
2025-07-31 12:41:25,817 - INFO - Load the data
2025-07-31 12:41:25,844 - INFO - Load the data
2025-07-31 12:41:25,852 - INFO - Start our data processing step
2025-07-31 12:41:25,852 - INFO - Drop Columns
2025-07-31 12:41:25,864 - INFO - Applying Label Encoding
2025-07-31 12:41:25,872 - INFO - Label Mappings are: 
2025-07-31 12:41:25,872 - INFO - type_of_meal_plan : {'Meal Plan 1': np.int64(0), 'Meal Plan 2': np.int64(1), 'Meal Plan 3': np.int64(2), 'Not Selected': np.int64(3)}
2025-07-31 12:41:25,872 - INFO - required_car_parking_space : {np.int64(0): np.int64(0), np.int64(1): np.int64(1)}
2025-07-31 12:41:25,872 - INFO - room_type_reserved : {'Room_Type 1': np.int64(0), 'Room_Type 2': np.int64(1), 'Room_Type 3': np.int64(2), 'Room_Type 4': np.int64(3), 'Room_Type 5': np.int64(4), 'Room_Type 6': np.int64(5), 'Room_Type 7': np.int64(6)}
2025-07-31 12:41:25,872 - INFO - market_segment_type : {'Aviation': np.int64(0), 'Complementary': np.int64(1), 'Corporate': np.int64(2), 'Offline': np.int64(3), 'Online': np.int64(4)}
2025-07-31 12:41:25,872 - INFO - repeated_guest : {np.int64(0): np.int64(0), np.int64(1): np.int64(1)}
2025-07-31 12:41:25,872 - INFO - booking_status : {'Canceled': np.int64(0), 'Not_Canceled': np.int64(1)}
2025-07-31 12:41:25,872 - INFO - Doing Skewness Handling
2025-07-31 12:41:25,874 - INFO - Start our data processing step
2025-07-31 12:41:25,874 - INFO - Drop Columns
2025-07-31 12:41:25,877 - INFO - Applying Label Encoding
2025-07-31 12:41:25,879 - INFO - Label Mappings are: 
2025-07-31 12:41:25,879 - INFO - type_of_meal_plan : {'Meal Plan 1': np.int64(0), 'Meal Plan 2': np.int64(1), 'Meal Plan 3': np.int64(2), 'Not Selected': np.int64(3)}
2025-07-31 12:41:25,879 - INFO - required_car_parking_space : {np.int64(0): np.int64(0), np.int64(1): np.int64(1)}
2025-07-31 12:41:25,879 - INFO - room_type_reserved : {'Room_Type 1': np.int64(0), 'Room_Type 2': np.int64(1), 'Room_Type 3': np.int64(2), 'Room_Type 4': np.int64(3), 'Room_Type 5': np.int64(4), 'Room_Type 6': np.int64(5), 'Room_Type 7': np.int64(6)}
2025-07-31 12:41:25,879 - INFO - market_segment_type : {'Aviation': np.int64(0), 'Complementary': np.int64(1), 'Corporate': np.int64(2), 'Offline': np.int64(3), 'Online': np.int64(4)}
2025-07-31 12:41:25,879 - INFO - repeated_guest : {np.int64(0): np.int64(0), np.int64(1): np.int64(1)}
2025-07-31 12:41:25,879 - INFO - booking_status : {'Canceled': np.int64(0), 'Not_Canceled': np.int64(1)}
2025-07-31 12:41:25,879 - INFO - Doing Skewness Handling
2025-07-31 12:41:25,880 - INFO - Handling Imbalance Data
2025-07-31 12:41:26,007 - INFO - Data balanced sucesffuly
2025-07-31 12:41:26,007 - INFO - Handling Imbalance Data
2025-07-31 12:41:26,020 - INFO - Data balanced sucesffuly
2025-07-31 12:41:26,021 - INFO - Starting the feature selection step
2025-07-31 12:41:28,011 - INFO - Features selected : ['lead_time' 'no_of_special_requests' 'avg_price_per_room' 'arrival_month'
 'arrival_date' 'market_segment_type' 'no_of_week_nights'
 'no_of_weekend_nights' 'type_of_meal_plan' 'room_type_reserved']
2025-07-31 12:41:28,012 - INFO - Feature slection completed sucesfully
2025-07-31 12:41:28,015 - INFO - Saving our data in processed folder
2025-07-31 12:41:28,062 - INFO - Data saved sucesfuly to artifacts/processed/processed_train.csv
2025-07-31 12:41:28,062 - INFO - Saving our data in processed folder
2025-07-31 12:41:28,076 - INFO - Data saved sucesfuly to artifacts/processed/processed_test.csv
2025-07-31 12:41:28,076 - INFO - Data processing completed sucesfully
2025-07-31 12:41:28,365 - INFO - Starting our Model Training pipeline
2025-07-31 12:41:28,365 - INFO - Starting mlflow experimentation
2025-07-31 12:41:28,365 - INFO - Logging the training and testing dataset in mlflow
2025-07-31 12:41:28,367 - INFO - Loading data from artifacts/processed/processed_train.csv
2025-07-31 12:41:28,368 - INFO - Load the data
2025-07-31 12:41:28,380 - INFO - Loading data from artifacts/processed/processed_test.csv
2025-07-31 12:41:28,380 - INFO - Load the data
2025-07-31 12:41:28,383 - INFO - Data Split Successfully for model training
2025-07-31 12:41:28,383 - INFO - Initialize our model
2025-07-31 12:41:28,383 - INFO - Starting the hyperparameter tuning
2025-07-31 12:41:38,956 - INFO - Hyperparamter tuning completed
2025-07-31 12:41:38,957 - INFO - Best paramters are : {'boosting_type': 'gbdt', 'learning_rate': np.float64(0.1293700315892974), 'max_depth': 23, 'n_estimators': 314, 'num_leaves': 94}
2025-07-31 12:41:38,957 - INFO - Evaluate the model
2025-07-31 12:41:39,005 - INFO - Accuracy Score : 0.8806183115338883
2025-07-31 12:41:39,005 - INFO - Precision Score : 0.863667348329925
2025-07-31 12:41:39,005 - INFO - Recall Score : 0.9039239001189061
2025-07-31 12:41:39,005 - INFO - F1 Score : 0.8833372066000464
2025-07-31 12:41:39,005 - INFO - Saving the model
2025-07-31 12:41:39,025 - INFO - Model saved to artifacts/models/lgbm_model.pkl
2025-07-31 12:41:39,025 - INFO - Logging the model into mlflow
2025-07-31 12:41:39,030 - INFO - Logging Params and Metrics to mlflow
2025-07-31 12:41:39,037 - INFO - Model Training sucesfullly completed
